<?xml version="1.0" encoding="UTF-8"?>
<testng-results skipped="0" failed="0" ignored="0" total="1" passed="1">
  <reporter-output>
  </reporter-output>
  <suite name="Surefire suite" duration-ms="97" started-at="2021-03-16T02:40:48Z" finished-at="2021-03-16T02:40:48Z">
    <groups>
    </groups>
    <test name="Surefire test" duration-ms="97" started-at="2021-03-16T02:40:48Z" finished-at="2021-03-16T02:40:48Z">
      <class name="com.training.testcases.AppTest">
        <test-method status="PASS" signature="shouldAnswerWithTrue()" name="shouldAnswerWithTrue" duration-ms="19" started-at="2021-03-15T19:40:48Z" finished-at="2021-03-15T19:40:48Z">
          <reporter-output>
          </reporter-output>
        </test-method> <!-- shouldAnswerWithTrue -->
      </class> <!-- com.training.testcases.AppTest -->
    </test> <!-- Surefire test -->
  </suite> <!-- Surefire suite -->
</testng-results>
