<?xml version="1.0" encoding="UTF-8"?>
<!-- Generated by org.testng.reporters.JUnitXMLReporter -->
<testsuite hostname="IN-L2439" ignored="0" name="login" tests="2" failures="0" timestamp="26 Feb 2021 20:12:23 GMT" time="46.771" errors="0">
  <testcase name="loginintosalesandsetup" time="16.895" classname="com.training.testcases.login.LoginTest"/>
  <testcase name="loginintosalesandvalidatePageTitle" time="14.95" classname="com.training.testcases.login.LoginTest"/>
</testsuite> <!-- login -->
