<?xml version="1.0" encoding="UTF-8"?>
<!-- Generated by org.testng.reporters.JUnitXMLReporter -->
<testsuite hostname="Jabeens-MacBook-Air-2.local" ignored="4" name="SaleforceTests" tests="1" failures="0" timestamp="17 Mar 2021 22:38:54 GMT" time="14.454" errors="0">
  <testcase name="tc04_forgotPassError" time="9.795" classname="com.training.testcases.login.LoginTest"/>
  <testcase name="tc03_validateRememberMe" time="0.0" classname="com.training.testcases.login.LoginTest">
    <ignored/>
  </testcase> <!-- tc03_validateRememberMe -->
  <testcase name="tc01_validateErrorLoginScreen" time="0.0" classname="com.training.testcases.login.LoginTest">
    <ignored/>
  </testcase> <!-- tc01_validateErrorLoginScreen -->
  <testcase name="tc02_loginintosalesandvalidatePageTitle" time="0.0" classname="com.training.testcases.login.LoginTest">
    <ignored/>
  </testcase> <!-- tc02_loginintosalesandvalidatePageTitle -->
  <testcase name="loginintosalesandsetup" time="0.0" classname="com.training.testcases.login.LoginTest">
    <ignored/>
  </testcase> <!-- loginintosalesandsetup -->
</testsuite> <!-- SaleforceTests -->
