<?xml version="1.0" encoding="UTF-8"?>
<testsuite xmlns:xsi="http://www.w3.org/2001/XMLSchema-instance" xsi:noNamespaceSchemaLocation="https://maven.apache.org/surefire/maven-surefire-plugin/xsd/surefire-test-report.xsd" name="TestSuite" time="0.773" tests="13" errors="0" skipped="11" failures="1">
  <properties>
[...]
</properties>
  <testcase name="beforeTest" classname="com.training.testcases.login.UserDropDownTest" time="0.369">
    <failure message="&#10;Parameter &apos;BrowserName&apos; is required by BeforeMethod on method beforeTest but has not been marked @Optional or defined&#10;" type="org.testng.TestNGException">org.testng.TestNGException: 

Parameter 'BrowserName' is required by BeforeMethod on method beforeTest but has not been marked @Optional or defined

</failure>
  </testcase>
  <testcase name="beforeTest" classname="com.training.testcases.login.UserDropDownTest" time="0">
    <skipped/>
  </testcase>
  <testcase name="loginintosalesandsetup" classname="com.training.testcases.login.UserDropDownTest" time="0">
    <skipped message="&#10;Parameter &apos;BrowserName&apos; is required by BeforeMethod on method beforeTest but has not been marked @Optional or defined&#10;"/>
  </testcase>
  <testcase name="afterSuite" classname="com.training.testcases.login.UserDropDownTest" time="0">
    <skipped/>
  </testcase>
  <testcase name="afterSuite" classname="com.training.testcases.login.UserDropDownTest" time="0">
    <skipped/>
  </testcase>
  <testcase name="loginintosalesandvalidatePageTitle" classname="com.training.testcases.login.UserDropDownTest" time="0">
    <skipped message="&#10;Parameter &apos;BrowserName&apos; is required by BeforeMethod on method beforeTest but has not been marked @Optional or defined&#10;"/>
  </testcase>
  <testcase name="beforeTest" classname="com.training.testcases.login.LoginTest" time="0">
    <skipped/>
  </testcase>
  <testcase name="beforeTest" classname="com.training.testcases.login.LoginTest" time="0">
    <skipped/>
  </testcase>
  <testcase name="loginintosalesandsetup" classname="com.training.testcases.login.LoginTest" time="0">
    <skipped message="&#10;Parameter &apos;BrowserName&apos; is required by BeforeMethod on method beforeTest but has not been marked @Optional or defined&#10;"/>
  </testcase>
  <testcase name="afterSuite" classname="com.training.testcases.login.LoginTest" time="0">
    <skipped/>
  </testcase>
  <testcase name="afterSuite" classname="com.training.testcases.login.LoginTest" time="0">
    <skipped/>
  </testcase>
  <testcase name="loginintosalesandvalidatePageTitle" classname="com.training.testcases.login.LoginTest" time="0">
    <skipped message="&#10;Parameter &apos;BrowserName&apos; is required by BeforeMethod on method beforeTest but has not been marked @Optional or defined&#10;"/>
  </testcase>
  <testcase name="shouldAnswerWithTrue on shouldAnswerWithTrue(com.training.testcases.AppTest)" classname="com.training.testcases.AppTest" time="0.002"/>
</testsuite>